Arguments: 
  /usr/local/bin/node /usr/local/bin/yarn add @babble/random-nickname

PATH: 
  /root/.vscode-server/bin/6261075646f055b99068d3688932416f2346dd3b/bin/remote-cli:/usr/local/sbin:/usr/local/bin:/usr/sbin:/usr/bin:/sbin:/bin:/usr/games:/usr/local/games:/usr/lib/wsl/lib:/mnt/c/Program Files/Common Files/Oracle/Java/javapath:/mnt/c/Program Files (x86)/Common Files/Oracle/Java/javapath:/mnt/c/Windows/system32:/mnt/c/Windows:/mnt/c/Windows/System32/Wbem:/mnt/c/Windows/System32/WindowsPowerShell/v1.0/:/mnt/c/Windows/System32/OpenSSH/:/mnt/c/Program Files (x86)/NVIDIA Corporation/PhysX/Common:/mnt/c/Program Files/NVIDIA Corporation/NVIDIA NvDLISR:/mnt/c/TDM-GCC-64/bin:/mnt/c/WINDOWS/system32:/mnt/c/WINDOWS:/mnt/c/WINDOWS/System32/Wbem:/mnt/c/WINDOWS/System32/WindowsPowerShell/v1.0/:/mnt/c/WINDOWS/System32/OpenSSH/:/mnt/c/Users/AnJeongMin/AppData/Roaming/nvm:/mnt/c/Program Files/nodejs:/mnt/c/Program Files/Git/cmd:/mnt/c/Program Files/Docker/Docker/resources/bin:/mnt/c/Users/AnJeongMin/AppData/Local/Microsoft/WindowsApps:/mnt/c/Program Files/Bandizip/:/mnt/c/Program Files/JetBrains/IntelliJ IDEA 2021.3/bin:/mnt/c/Users/AnJeongMin/AppData/Local/Programs/Python/Python310/Scripts:/mnt/c/Program Files/Tesseract-OCR:/mnt/c/Users/AnJeongMin/Desktop/pytesseract/pytesseract/pytesseract.py:/mnt/c/Program Files/opencv/build/x64/vc15/bin:/mnt/c/Users/AnJeongMin/AppData/Local/Programs/Microsoft VS Code/bin:/mnt/c/Users/AnJeongMin/AppData/Roaming/npm:/mnt/c/Users/AnJeongMin/AppData/Roaming/nvm:/mnt/c/Program Files/nodejs

Yarn version: 
  1.22.19

Node version: 
  16.18.1

Platform: 
  linux x64

Trace: 
  Error: https://registry.npmjs.org/@babble%2frandom-nickname: Not found
      at Request.params.callback [as _callback] (/usr/local/lib/node_modules/yarn/lib/cli.js:66145:18)
      at Request.self.callback (/usr/local/lib/node_modules/yarn/lib/cli.js:140890:22)
      at Request.emit (node:events:513:28)
      at Request.<anonymous> (/usr/local/lib/node_modules/yarn/lib/cli.js:141862:10)
      at Request.emit (node:events:513:28)
      at IncomingMessage.<anonymous> (/usr/local/lib/node_modules/yarn/lib/cli.js:141784:12)
      at Object.onceWrapper (node:events:627:28)
      at IncomingMessage.emit (node:events:525:35)
      at endReadableNT (node:internal/streams/readable:1358:12)
      at processTicksAndRejections (node:internal/process/task_queues:83:21)

npm manifest: 
  {
    "name": "web14-interface",
    "version": "1.0.0",
    "main": "index.js",
    "repository": "https://github.com/boostcampwm-2022/web14-interface.git",
    "author": "AnJeongMin <ajhappy12@gmail.com>",
    "license": "MIT",
    "devDependencies": {
      "git-cz": "^4.9.0",
      "husky": "^8.0.0"
    },
    "scripts": {
      "prepare": "husky install"
    },
    "lint-staged": {
      "{src,apps,libs,test}/**/*.{ts,tsx,js}": "eslint --fix"
    }
  }

yarn manifest: 
  No manifest

Lockfile: 
  # THIS IS AN AUTOGENERATED FILE. DO NOT EDIT THIS FILE DIRECTLY.
  # yarn lockfile v1
  
  
  git-cz@^4.9.0:
    version "4.9.0"
    resolved "https://registry.yarnpkg.com/git-cz/-/git-cz-4.9.0.tgz#c0604ff85b37046d51fd85e265040032c9617bf2"
    integrity sha512-cSRL8IIOXU7UFLdbziCYqg8f8InwLwqHezkiRHNSph7oZqGv0togId1kMTfKil6gzK0VaSXeVBb4oDl0fQCHiw==
  
  husky@^8.0.0:
    version "8.0.2"
    resolved "https://registry.yarnpkg.com/husky/-/husky-8.0.2.tgz#5816a60db02650f1f22c8b69b928fd6bcd77a236"
    integrity sha512-Tkv80jtvbnkK3mYWxPZePGFpQ/tT3HNSs/sasF9P2YfkMezDl3ON37YN6jUUI4eTg5LcyVynlb6r4eyvOmspvg==
